<?xml version="1.0" encoding="UTF-8"?>
<!-- Generated by org.testng.reporters.JUnitXMLReporter -->
<testsuite ignored="0" hostname="Naveen" failures="0" tests="1" name="Test_Runner_msedge" time="3.276" errors="0" timestamp="2023-03-08T13:33:50 IST">
  <testcase classname="vTiger.GenericUtilities.BaseClass" name="@BeforeTest bcConfigur" time="2.872">
    <failure type="io.github.bonigarcia.wdm.WebDriverManagerException" message="java.util.NoSuchElementException">
      <![CDATA[io.github.bonigarcia.wdm.WebDriverManagerException: java.util.NoSuchElementException
at io.github.bonigarcia.wdm.WebDriverManager.handleException(WebDriverManager.java:776)
at io.github.bonigarcia.wdm.WebDriverManager.manage(WebDriverManager.java:550)
at io.github.bonigarcia.wdm.WebDriverManager.handleException(WebDriverManager.java:773)
at io.github.bonigarcia.wdm.WebDriverManager.manage(WebDriverManager.java:550)
at io.github.bonigarcia.wdm.WebDriverManager.handleException(WebDriverManager.java:766)
at io.github.bonigarcia.wdm.WebDriverManager.manage(WebDriverManager.java:550)
at io.github.bonigarcia.wdm.WebDriverManager.setup(WebDriverManager.java:260)
at vTiger.GenericUtilities.BaseClass.bcConfigur(BaseClass.java:57)
at java.base/java.util.concurrent.FutureTask.run(FutureTask.java:264)
at java.base/java.util.concurrent.ThreadPoolExecutor.runWorker(ThreadPoolExecutor.java:1136)
at java.base/java.util.concurrent.ThreadPoolExecutor$Worker.run(ThreadPoolExecutor.java:635)
at java.base/java.lang.Thread.run(Thread.java:833)
Caused by: java.util.NoSuchElementException
at java.base/java.util.ArrayList$Itr.next(ArrayList.java:970)
at io.github.bonigarcia.wdm.EdgeDriverManager.checkLatest(EdgeDriverManager.java:179)
at io.github.bonigarcia.wdm.WebDriverManager.filterCandidateUrls(WebDriverManager.java:799)
at io.github.bonigarcia.wdm.WebDriverManager.downloadAndExport(WebDriverManager.java:568)
at io.github.bonigarcia.wdm.WebDriverManager.manage(WebDriverManager.java:547)
... 25 more
... Removed 15 stack frames]]>
    </failure>
  </testcase> <!-- @BeforeTest bcConfigur -->
  <testcase classname="vTiger.GenericUtilities.BaseClass" name="@BeforeMethod BmConfigur" time="-1.67826263009E9">
    <skipped/>
  </testcase> <!-- @BeforeMethod BmConfigur -->
  <testcase classname="vTiger.GenericUtilities.BaseClass" name="@AfterMethod amConfigur" time="-1.678262630123E9">
    <skipped/>
  </testcase> <!-- @AfterMethod amConfigur -->
  <testcase classname="vTiger.GenericUtilities.BaseClass" name="@AfterClass acConfigur" time="-1.678262630148E9">
    <skipped/>
  </testcase> <!-- @AfterClass acConfigur -->
  <testcase classname="vtiger.OrgnizationTest.CreateOrgnization" name="CreateOrgnizationTest" time="0.0">
    <skipped/>
  </testcase> <!-- CreateOrgnizationTest -->
</testsuite> <!-- Test_Runner_msedge -->
